c:\users\임선희\source\repos\project2\project2\debug\vc141.pdb
c:\users\임선희\source\repos\project2\project2\debug\writeplan.obj
c:\users\임선희\source\repos\project2\project2\debug\simplanner.obj
c:\users\임선희\source\repos\project2\project2\debug\.netframework,version=v4.6.1.assemblyattributes.obj
c:\users\임선희\source\repos\project2\project2\debug\.netframework,version=v4.6.1.assemblyattributes.asm
c:\users\임선희\source\repos\project2\debug\project2.exe
c:\users\임선희\source\repos\project2\debug\project2.pdb
c:\users\임선희\source\repos\project2\project2\debug\project2.simplanner.resources
c:\users\임선희\source\repos\project2\project2\debug\project2.writeplan.resources
c:\users\임선희\source\repos\project2\project2\debug\project2.vcxproj.generateresource.cache
c:\users\임선희\source\repos\project2\project2\debug\project2.vcxprojassemblyreference.cache
c:\users\임선희\source\repos\project2\project2\debug\project2.tlog\cl.command.1.tlog
c:\users\임선희\source\repos\project2\project2\debug\project2.tlog\cl.read.1.tlog
c:\users\임선희\source\repos\project2\project2\debug\project2.tlog\cl.write.1.tlog
c:\users\임선희\source\repos\project2\project2\debug\project2.tlog\link.command.1.tlog
c:\users\임선희\source\repos\project2\project2\debug\project2.tlog\link.read.1.tlog
c:\users\임선희\source\repos\project2\project2\debug\project2.tlog\link.write.1.tlog
c:\users\임선희\source\repos\project2\project2\debug\project2.tlog\metagen.read.1.tlog
c:\users\임선희\source\repos\project2\project2\debug\project2.tlog\metagen.write.1.tlog
c:\users\임선희\source\repos\project2\project2\debug\project2.tlog\project2.write.1u.tlog
